#
# There is insufficient memory for the Java Runtime Environment to continue.
# Native memory allocation (malloc) failed to allocate 1048576 bytes for AllocateHeap
# Possible reasons:
#   The system is out of physical RAM or swap space
#   In 32 bit mode, the process size limit was hit
# Possible solutions:
#   Reduce memory load on the system
#   Increase physical memory or swap space
#   Check if swap backing store is full
#   Use 64 bit Java on a 64 bit OS
#   Decrease Java heap size (-Xmx/-Xms)
#   Decrease number of Java threads
#   Decrease Java thread stack sizes (-Xss)
#   Set larger code cache with -XX:ReservedCodeCacheSize=
# This output file may be truncated or incomplete.
#
#  Out of Memory Error (memory/allocation.inline.hpp:61), pid=6232, tid=7544
#
# JRE version:  (7.0_51-b13) (build )
# Java VM: Java HotSpot(TM) 64-Bit Server VM (24.51-b03 mixed mode windows-amd64 compressed oops)
# Failed to write core dump. Minidumps are not enabled by default on client versions of Windows
#

---------------  T H R E A D  ---------------

Current thread (0x0000000002b30800):  JavaThread "Unknown thread" [_thread_in_vm, id=7544, stack(0x0000000002a10000,0x0000000002b10000)]

Stack: [0x0000000002a10000,0x0000000002b10000]

---------------  P R O C E S S  ---------------

Java Threads: ( => current thread )

Other Threads:

=>0x0000000002b30800 (exited) JavaThread "Unknown thread" [_thread_in_vm, id=7544, stack(0x0000000002a10000,0x0000000002b10000)]

VM state:not at safepoint (normal execution)

VM Mutex/Monitor currently owned by a thread: None

Heap
 PSYoungGen      total 19456K, used 338K [0x00000000eaa80000, 0x00000000ec000000, 0x0000000100000000)
  eden space 16896K, 2% used [0x00000000eaa80000,0x00000000eaad4818,0x00000000ebb00000)
  from space 2560K, 0% used [0x00000000ebd80000,0x00000000ebd80000,0x00000000ec000000)
  to   space 2560K, 0% used [0x00000000ebb00000,0x00000000ebb00000,0x00000000ebd80000)
 ParOldGen       total 43520K, used 0K [0x00000000c0000000, 0x00000000c2a80000, 0x00000000eaa80000)
  object space 43520K, 0% used [0x00000000c0000000,0x00000000c0000000,0x00000000c2a80000)
 PSPermGen       total 21504K, used 656K [0x00000000bae00000, 0x00000000bc300000, 0x00000000c0000000)
  object space 21504K, 3% used [0x00000000bae00000,0x00000000baea41e8,0x00000000bc300000)

Card table byte_map: [0x0000000005d10000,0x0000000005f40000] byte_map_base: 0x0000000005739000

Polling page: 0x00000000011c0000

Code Cache  [0x0000000002d10000, 0x0000000002f80000, 0x0000000005d10000)
 total_blobs=37 nmethods=0 adapters=20 free_code_cache=48890Kb largest_free_block=50063104

Compilation events (0 events):
No events

GC Heap History (0 events):
No events

Deoptimization events (0 events):
No events

Internal exceptions (0 events):
No events

Events (10 events):
Event: 0.017 loading class 0x0000000002b81320
Event: 0.018 loading class 0x0000000002b81320 done
Event: 0.018 loading class 0x0000000002b81370
Event: 0.018 loading class 0x0000000002b81370 done
Event: 0.018 loading class 0x0000000002b813c0
Event: 0.018 loading class 0x0000000002b813c0 done
Event: 0.018 loading class 0x0000000002b82120
Event: 0.018 loading class 0x0000000002b82120 done
Event: 0.018 loading class 0x0000000002b81d40
Event: 0.018 loading class 0x0000000002b81d40 done


Dynamic libraries:
0x00007ff6da110000 - 0x00007ff6da143000 	C:\Program Files\Java\jre7\bin\javaw.exe
0x00007ffa8b650000 - 0x00007ffa8b7f6000 	C:\Windows\SYSTEM32\ntdll.dll
0x00007ffa898c0000 - 0x00007ffa899fa000 	C:\Windows\system32\KERNEL32.DLL
0x00007ffa88a90000 - 0x00007ffa88b9f000 	C:\Windows\system32\KERNELBASE.dll
0x00007ffa875d0000 - 0x00007ffa87658000 	C:\Windows\system32\apphelp.dll
0x00007ffa7be60000 - 0x00007ffa7beaf000 	C:\Windows\AppPatch\AppPatch64\AcGenral.DLL
0x00007ffa89a00000 - 0x00007ffa89aa7000 	C:\Windows\system32\msvcrt.dll
0x00007ffa88870000 - 0x00007ffa8889b000 	C:\Windows\SYSTEM32\SspiCli.dll
0x00007ffa89070000 - 0x00007ffa890c1000 	C:\Windows\system32\SHLWAPI.dll
0x00007ffa892f0000 - 0x00007ffa89461000 	C:\Windows\system32\USER32.dll
0x00007ffa89ad0000 - 0x00007ffa89c48000 	C:\Windows\system32\ole32.dll
0x00007ffa89f40000 - 0x00007ffa8b34f000 	C:\Windows\system32\SHELL32.dll
0x00007ffa88030000 - 0x00007ffa8804e000 	C:\Windows\SYSTEM32\USERENV.dll
0x00007ffa8b5a0000 - 0x00007ffa8b645000 	C:\Windows\system32\ADVAPI32.dll
0x00007ffa80af0000 - 0x00007ffa80b0b000 	C:\Windows\SYSTEM32\MPR.dll
0x00007ffa89620000 - 0x00007ffa89757000 	C:\Windows\system32\RPCRT4.dll
0x00007ffa8b540000 - 0x00007ffa8b597000 	C:\Windows\SYSTEM32\sechost.dll
0x00007ffa8b360000 - 0x00007ffa8b536000 	C:\Windows\SYSTEM32\combase.dll
0x00007ffa891a0000 - 0x00007ffa892e4000 	C:\Windows\system32\GDI32.dll
0x00007ffa889c0000 - 0x00007ffa889d4000 	C:\Windows\SYSTEM32\profapi.dll
0x00007ffa86fc0000 - 0x00007ffa8705f000 	C:\Windows\SYSTEM32\SHCORE.dll
0x00007ffa89c50000 - 0x00007ffa89c84000 	C:\Windows\system32\IMM32.DLL
0x00007ffa88f30000 - 0x00007ffa89069000 	C:\Windows\system32\MSCTF.dll
0x00007ffa86740000 - 0x00007ffa8699a000 	C:\Windows\WinSxS\amd64_microsoft.windows.common-controls_6595b64144ccf1df_6.0.9600.17031_none_6242a4b3ecbb55a1\COMCTL32.dll
0x0000000072c30000 - 0x0000000072d02000 	C:\Program Files\Java\jre7\bin\msvcr100.dll
0x0000000072460000 - 0x0000000072c29000 	C:\Program Files\Java\jre7\bin\server\jvm.dll
0x00007ffa80b60000 - 0x00007ffa80b69000 	C:\Windows\SYSTEM32\WSOCK32.dll
0x00007ffa85340000 - 0x00007ffa8535f000 	C:\Windows\SYSTEM32\WINMM.dll
0x00007ffa89c90000 - 0x00007ffa89c97000 	C:\Windows\system32\PSAPI.DLL
0x00007ffa89e80000 - 0x00007ffa89ed8000 	C:\Windows\system32\WS2_32.dll
0x00007ffa852c0000 - 0x00007ffa852ea000 	C:\Windows\SYSTEM32\WINMMBASE.dll
0x00007ffa89470000 - 0x00007ffa89479000 	C:\Windows\system32\NSI.dll
0x00007ffa88e80000 - 0x00007ffa88eca000 	C:\Windows\SYSTEM32\cfgmgr32.dll
0x00007ffa87840000 - 0x00007ffa87866000 	C:\Windows\SYSTEM32\DEVOBJ.dll
0x0000000072450000 - 0x000000007245f000 	C:\Program Files\Java\jre7\bin\verify.dll
0x0000000072420000 - 0x0000000072448000 	C:\Program Files\Java\jre7\bin\java.dll
0x0000000072400000 - 0x0000000072415000 	C:\Program Files\Java\jre7\bin\zip.dll

VM Arguments:
jvm_args: -Dfile.encoding=UTF-8 
java_command: Tester
Launcher Type: SUN_STANDARD

Environment Variables:
PATH=C:\Program Files (x86)\Common Files\Intel\Shared Libraries\redist\intel64\compiler;C:\Program Files (x86)\Common Files\Intel\Shared Libraries\redist\ia32\compiler;C:\Program Files (x86)\NVIDIA Corporation\PhysX\Common;C:\Windows\system32;C:\Windows;C:\Windows\System32\Wbem;C:\Windows\System32\WindowsPowerShell\v1.0\;C:\Program Files\MiKTeX 2.9\miktex\bin\x64\;D:\Software\runtime\win64;D:\Software\bin;C:\Program Files\MATLAB\R2013a\runtime\win64;C:\Program Files\MATLAB\R2013a\bin
USERNAME=Matilda
OS=Windows_NT
PROCESSOR_IDENTIFIER=Intel64 Family 6 Model 30 Stepping 5, GenuineIntel



---------------  S Y S T E M  ---------------

OS: Windows 8 , 64 bit Build 9200 

CPU:total 8 (4 cores per cpu, 2 threads per core) family 6 model 30 stepping 5, cmov, cx8, fxsr, mmx, sse, sse2, sse3, ssse3, sse4.1, sse4.2, popcnt, ht, tsc, tscinvbit

Memory: 4k page, physical 4189684k(1945656k free), swap 7335412k(5824k free)

vm_info: Java HotSpot(TM) 64-Bit Server VM (24.51-b03) for windows-amd64 JRE (1.7.0_51-b13), built on Dec 18 2013 18:40:56 by "java_re" with unknown MS VC++:1600

time: Sat Dec 13 16:41:00 2014
elapsed time: 0 seconds

